Determining if the pthread_create exist failed with the following output:
Change Dir: /home/percevio/projects/c/mmt-learning/libntoh/lesson/build/CMakeFiles/CMakeTmp

Run Build Command:/usr/bin/make "cmTryCompileExec296666495/fast"
/usr/bin/make -f CMakeFiles/cmTryCompileExec296666495.dir/build.make CMakeFiles/cmTryCompileExec296666495.dir/build
make[1]: Entering directory `/home/percevio/projects/c/mmt-learning/libntoh/lesson/build/CMakeFiles/CMakeTmp'
/usr/bin/cmake -E cmake_progress_report /home/percevio/projects/c/mmt-learning/libntoh/lesson/build/CMakeFiles/CMakeTmp/CMakeFiles 1
Building C object CMakeFiles/cmTryCompileExec296666495.dir/CheckSymbolExists.c.o
/usr/bin/cc    -o CMakeFiles/cmTryCompileExec296666495.dir/CheckSymbolExists.c.o   -c /home/percevio/projects/c/mmt-learning/libntoh/lesson/build/CMakeFiles/CMakeTmp/CheckSymbolExists.c
Linking C executable cmTryCompileExec296666495
/usr/bin/cmake -E cmake_link_script CMakeFiles/cmTryCompileExec296666495.dir/link.txt --verbose=1
/usr/bin/cc       CMakeFiles/cmTryCompileExec296666495.dir/CheckSymbolExists.c.o  -o cmTryCompileExec296666495 -rdynamic 
CMakeFiles/cmTryCompileExec296666495.dir/CheckSymbolExists.c.o: In function `main':
CheckSymbolExists.c:(.text+0x16): undefined reference to `pthread_create'
make[1]: Leaving directory `/home/percevio/projects/c/mmt-learning/libntoh/lesson/build/CMakeFiles/CMakeTmp'
collect2: error: ld returned 1 exit status
make[1]: *** [cmTryCompileExec296666495] Error 1
make: *** [cmTryCompileExec296666495/fast] Error 2

File /home/percevio/projects/c/mmt-learning/libntoh/lesson/build/CMakeFiles/CMakeTmp/CheckSymbolExists.c:
/* */
#include <pthread.h>

int main(int argc, char** argv)
{
  (void)argv;
#ifndef pthread_create
  return ((int*)(&pthread_create))[argc];
#else
  (void)argc;
  return 0;
#endif
}

Determining if the function pthread_create exists in the pthreads failed with the following output:
Change Dir: /home/percevio/projects/c/mmt-learning/libntoh/lesson/build/CMakeFiles/CMakeTmp

Run Build Command:/usr/bin/make "cmTryCompileExec388382021/fast"
/usr/bin/make -f CMakeFiles/cmTryCompileExec388382021.dir/build.make CMakeFiles/cmTryCompileExec388382021.dir/build
make[1]: Entering directory `/home/percevio/projects/c/mmt-learning/libntoh/lesson/build/CMakeFiles/CMakeTmp'
/usr/bin/cmake -E cmake_progress_report /home/percevio/projects/c/mmt-learning/libntoh/lesson/build/CMakeFiles/CMakeTmp/CMakeFiles 1
Building C object CMakeFiles/cmTryCompileExec388382021.dir/CheckFunctionExists.c.o
/usr/bin/cc   -DCHECK_FUNCTION_EXISTS=pthread_create   -o CMakeFiles/cmTryCompileExec388382021.dir/CheckFunctionExists.c.o   -c /usr/share/cmake-2.8/Modules/CheckFunctionExists.c
Linking C executable cmTryCompileExec388382021
/usr/bin/cmake -E cmake_link_script CMakeFiles/cmTryCompileExec388382021.dir/link.txt --verbose=1
/usr/bin/cc   -DCHECK_FUNCTION_EXISTS=pthread_create    CMakeFiles/cmTryCompileExec388382021.dir/CheckFunctionExists.c.o  -o cmTryCompileExec388382021 -rdynamic -lpthreads 
/usr/bin/ld: cannot find -lpthreads
make[1]: Leaving directory `/home/percevio/projects/c/mmt-learning/libntoh/lesson/build/CMakeFiles/CMakeTmp'
collect2: error: ld returned 1 exit status
make[1]: *** [cmTryCompileExec388382021] Error 1
make: *** [cmTryCompileExec388382021/fast] Error 2


