Determining if the pthread_create exist failed with the following output:
Change Dir: /home/percevio/projects/c/mmt-learning/libntoh/examples/TCP_IPv4/build/CMakeFiles/CMakeTmp

Run Build Command:/usr/bin/make "cmTryCompileExec3539295670/fast"
/usr/bin/make -f CMakeFiles/cmTryCompileExec3539295670.dir/build.make CMakeFiles/cmTryCompileExec3539295670.dir/build
make[1]: Entering directory `/home/percevio/projects/c/mmt-learning/libntoh/examples/TCP_IPv4/build/CMakeFiles/CMakeTmp'
/usr/bin/cmake -E cmake_progress_report /home/percevio/projects/c/mmt-learning/libntoh/examples/TCP_IPv4/build/CMakeFiles/CMakeTmp/CMakeFiles 1
Building C object CMakeFiles/cmTryCompileExec3539295670.dir/CheckSymbolExists.c.o
/usr/bin/cc    -o CMakeFiles/cmTryCompileExec3539295670.dir/CheckSymbolExists.c.o   -c /home/percevio/projects/c/mmt-learning/libntoh/examples/TCP_IPv4/build/CMakeFiles/CMakeTmp/CheckSymbolExists.c
Linking C executable cmTryCompileExec3539295670
/usr/bin/cmake -E cmake_link_script CMakeFiles/cmTryCompileExec3539295670.dir/link.txt --verbose=1
/usr/bin/cc       CMakeFiles/cmTryCompileExec3539295670.dir/CheckSymbolExists.c.o  -o cmTryCompileExec3539295670 -rdynamic 
CMakeFiles/cmTryCompileExec3539295670.dir/CheckSymbolExists.c.o: In function `main':
CheckSymbolExists.c:(.text+0x16): undefined reference to `pthread_create'
make[1]: Leaving directory `/home/percevio/projects/c/mmt-learning/libntoh/examples/TCP_IPv4/build/CMakeFiles/CMakeTmp'
collect2: error: ld returned 1 exit status
make[1]: *** [cmTryCompileExec3539295670] Error 1
make: *** [cmTryCompileExec3539295670/fast] Error 2

File /home/percevio/projects/c/mmt-learning/libntoh/examples/TCP_IPv4/build/CMakeFiles/CMakeTmp/CheckSymbolExists.c:
/* */
#include <pthread.h>

int main(int argc, char** argv)
{
  (void)argv;
#ifndef pthread_create
  return ((int*)(&pthread_create))[argc];
#else
  (void)argc;
  return 0;
#endif
}

Determining if the function pthread_create exists in the pthreads failed with the following output:
Change Dir: /home/percevio/projects/c/mmt-learning/libntoh/examples/TCP_IPv4/build/CMakeFiles/CMakeTmp

Run Build Command:/usr/bin/make "cmTryCompileExec3799165729/fast"
/usr/bin/make -f CMakeFiles/cmTryCompileExec3799165729.dir/build.make CMakeFiles/cmTryCompileExec3799165729.dir/build
make[1]: Entering directory `/home/percevio/projects/c/mmt-learning/libntoh/examples/TCP_IPv4/build/CMakeFiles/CMakeTmp'
/usr/bin/cmake -E cmake_progress_report /home/percevio/projects/c/mmt-learning/libntoh/examples/TCP_IPv4/build/CMakeFiles/CMakeTmp/CMakeFiles 1
Building C object CMakeFiles/cmTryCompileExec3799165729.dir/CheckFunctionExists.c.o
/usr/bin/cc   -DCHECK_FUNCTION_EXISTS=pthread_create   -o CMakeFiles/cmTryCompileExec3799165729.dir/CheckFunctionExists.c.o   -c /usr/share/cmake-2.8/Modules/CheckFunctionExists.c
Linking C executable cmTryCompileExec3799165729
/usr/bin/cmake -E cmake_link_script CMakeFiles/cmTryCompileExec3799165729.dir/link.txt --verbose=1
/usr/bin/cc   -DCHECK_FUNCTION_EXISTS=pthread_create    CMakeFiles/cmTryCompileExec3799165729.dir/CheckFunctionExists.c.o  -o cmTryCompileExec3799165729 -rdynamic -lpthreads 
/usr/bin/ld: cannot find -lpthreads
collect2: error: ld returned 1 exit status
make[1]: Leaving directory `/home/percevio/projects/c/mmt-learning/libntoh/examples/TCP_IPv4/build/CMakeFiles/CMakeTmp'
make[1]: *** [cmTryCompileExec3799165729] Error 1
make: *** [cmTryCompileExec3799165729/fast] Error 2


